Building DAG of jobs...
Using shell: /usr/bin/bash
Provided cores: 4
Rules claiming more threads will be scaled down.
Job stats:
job                     count
--------------------  -------
align_reads                 1
all                         1
annotate_variants           1
build_snpEff_db             1
call_variants               1
create_dictionary           1
create_dirs                 1
create_snpEff_config        1
download_genbank            1
download_reference          1
download_sra                1
extract_sequence            1
fastqc                      1
filter_variants             1
index_bam                   1
index_reference             1
mark_duplicates             1
sort_bam                    1
upload_s3                   1
total                      19

Select jobs to execute...

[Thu Mar 27 01:54:05 2025]
rule create_dirs:
    output: results/snakemake/.dirs_created
    jobid: 1
    reason: Missing output files: results/snakemake/.dirs_created
    resources: tmpdir=/tmp

[Thu Mar 27 01:54:05 2025]
Finished job 1.
1 of 19 steps (5%) done
Select jobs to execute...

[Thu Mar 27 01:54:05 2025]
rule download_genbank:
    input: results/snakemake/.dirs_created
    output: results/snpEff/data/reference_db/genes.gbk
    jobid: 16
    reason: Missing output files: results/snpEff/data/reference_db/genes.gbk; Input files updated by another job: results/snakemake/.dirs_created
    resources: tmpdir=/tmp


[Thu Mar 27 01:54:05 2025]
rule download_reference:
    input: results/snakemake/.dirs_created
    output: results/raw/reference.fasta
    jobid: 2
    reason: Missing output files: results/raw/reference.fasta; Input files updated by another job: results/snakemake/.dirs_created
    resources: tmpdir=/tmp


[Thu Mar 27 01:54:05 2025]
rule download_sra:
    input: results/snakemake/.dirs_created
    output: results/raw/SRR1972739/SRR1972739.sra
    jobid: 3
    reason: Missing output files: results/raw/SRR1972739/SRR1972739.sra; Input files updated by another job: results/snakemake/.dirs_created
    resources: tmpdir=/tmp

[Thu Mar 27 01:54:06 2025]
Finished job 2.
2 of 19 steps (11%) done
Select jobs to execute...

[Thu Mar 27 01:54:06 2025]
rule index_reference:
    input: results/raw/reference.fasta
    output: results/raw/reference.fasta.fai, results/raw/reference.fasta.amb, results/raw/reference.fasta.ann, results/raw/reference.fasta.bwt, results/raw/reference.fasta.pac, results/raw/reference.fasta.sa
    jobid: 6
    reason: Missing output files: results/raw/reference.fasta.amb, results/raw/reference.fasta.fai, results/raw/reference.fasta.bwt, results/raw/reference.fasta.pac, results/raw/reference.fasta.sa, results/raw/reference.fasta.ann; Input files updated by another job: results/raw/reference.fasta
    resources: tmpdir=/tmp


[Thu Mar 27 01:54:06 2025]
rule create_dictionary:
    input: results/raw/reference.fasta
    output: results/raw/reference.dict
    jobid: 7
    reason: Missing output files: results/raw/reference.dict; Input files updated by another job: results/raw/reference.fasta
    resources: tmpdir=/tmp

[Thu Mar 27 01:54:06 2025]
Error in rule index_reference:
    jobid: 6
    input: results/raw/reference.fasta
    output: results/raw/reference.fasta.fai, results/raw/reference.fasta.amb, results/raw/reference.fasta.ann, results/raw/reference.fasta.bwt, results/raw/reference.fasta.pac, results/raw/reference.fasta.sa
    shell:
        
        echo Indexing reference genome with samtools...
        samtools faidx results/raw/reference.fasta
        
        echo Building BWA index...
        bwa index results/raw/reference.fasta -p results/raw/bwa_index/reference.fasta
        echo Built BWA index!
        
        (one of the commands exited with non-zero exit code; note that snakemake uses bash strict mode!)

Removing output files of failed job index_reference since they might be corrupted:
results/raw/reference.fasta.fai
[Thu Mar 27 01:54:06 2025]
Finished job 16.
3 of 19 steps (16%) done
[Thu Mar 27 01:54:08 2025]
Finished job 3.
4 of 19 steps (21%) done
[Thu Mar 27 01:54:09 2025]
Finished job 7.
5 of 19 steps (26%) done
Shutting down, this might take some time.
Exiting because a job execution failed. Look above for error message
Complete log: .snakemake/log/2025-03-27T015405.360783.snakemake.log
