Building DAG of jobs...
Using shell: /usr/bin/bash
Provided cores: 4
Rules claiming more threads will be scaled down.
Job stats:
job                  count
-----------------  -------
align_reads              1
all                      1
annotate_variants        1
call_variants            1
extract_sequence         1
fastqc                   1
filter_variants          1
index_bam                1
mark_duplicates          1
sort_bam                 1
upload_s3                1
total                   11

Select jobs to execute...

[Thu Mar 27 02:01:51 2025]
rule extract_sequence:
    input: results/snakemake/.dirs_created, results/raw/SRR1972739/SRR1972739.sra
    output: results/raw/SRR1972739.fastq
    jobid: 4
    reason: Missing output files: results/raw/SRR1972739.fastq
    resources: tmpdir=/tmp

[Thu Mar 27 02:01:52 2025]
Finished job 4.
1 of 11 steps (9%) done
Select jobs to execute...

[Thu Mar 27 02:01:52 2025]
rule fastqc:
    input: results/snakemake/.dirs_created, results/raw/SRR1972739.fastq
    output: results/qc/SRR1972739_fastqc.html
    jobid: 5
    reason: Missing output files: results/qc/SRR1972739_fastqc.html; Input files updated by another job: results/raw/SRR1972739.fastq
    resources: tmpdir=/tmp


[Thu Mar 27 02:01:52 2025]
rule align_reads:
    input: results/snakemake/.dirs_created, results/raw/reference.fasta, results/raw/SRR1972739.fastq
    output: results/aligned/aligned.sam
    jobid: 10
    reason: Missing output files: results/aligned/aligned.sam; Input files updated by another job: results/raw/SRR1972739.fastq
    resources: tmpdir=/tmp

[Thu Mar 27 02:01:52 2025]
Error in rule align_reads:
    jobid: 10
    input: results/snakemake/.dirs_created, results/raw/reference.fasta, results/raw/SRR1972739.fastq
    output: results/aligned/aligned.sam
    shell:
        
        echo Aligning reads with read groups...
        bwa mem -R '@RG	ID:1	LB:lib1	PL:illumina	PU:unit1	SM:sample1' results/raw/reference.fasta results/raw/SRR1972739.fastq > results/aligned/aligned.sam
        echo Aligned reads!
        
        (one of the commands exited with non-zero exit code; note that snakemake uses bash strict mode!)

Removing output files of failed job align_reads since they might be corrupted:
results/aligned/aligned.sam
[Thu Mar 27 02:01:55 2025]
Finished job 5.
2 of 11 steps (18%) done
Shutting down, this might take some time.
Exiting because a job execution failed. Look above for error message
Complete log: .snakemake/log/2025-03-27T020151.443016.snakemake.log
