Building DAG of jobs...
Using shell: /usr/bin/bash
Provided cores: 2
Rules claiming more threads will be scaled down.
Job stats:
job                     count
--------------------  -------
align_reads                 1
all                         1
annotate_variants           1
build_snpEff_db             1
call_variants               1
create_dictionary           1
create_dirs                 1
create_snpEff_config        1
download_genbank            1
download_reference          1
download_sra                1
extract_sequence            1
fastqc                      1
filter_variants             1
index_bam                   1
index_reference             1
mark_duplicates             1
sort_bam                    1
upload_s3                   1
total                      19

Select jobs to execute...

[Thu Mar 27 01:30:04 2025]
rule create_dirs:
    output: results/snakemake/.dirs_created
    jobid: 1
    reason: Missing output files: results/snakemake/.dirs_created
    resources: tmpdir=/tmp

[Thu Mar 27 01:30:04 2025]
Finished job 1.
1 of 19 steps (5%) done
Select jobs to execute...

[Thu Mar 27 01:30:05 2025]
rule download_reference:
    input: results/snakemake/.dirs_created
    output: results/raw/reference.fasta
    jobid: 2
    reason: Missing output files: results/raw/reference.fasta; Input files updated by another job: results/snakemake/.dirs_created
    resources: tmpdir=/tmp


[Thu Mar 27 01:30:05 2025]
rule download_sra:
    input: results/snakemake/.dirs_created
    output: results/raw/SRR1972739/SRR1972739.sra
    jobid: 3
    reason: Missing output files: results/raw/SRR1972739/SRR1972739.sra; Input files updated by another job: results/snakemake/.dirs_created
    resources: tmpdir=/tmp

[Thu Mar 27 01:30:05 2025]
Error in rule download_sra:
    jobid: 3
    input: results/snakemake/.dirs_created
    output: results/raw/SRR1972739/SRR1972739.sra
    shell:
        
        echo Downloading sequencing data...
        prefetch SRR1972739 -O results/raw
        echo Downloaded sequencing data!
        
        (one of the commands exited with non-zero exit code; note that snakemake uses bash strict mode!)

[Thu Mar 27 01:30:05 2025]
Finished job 2.
2 of 19 steps (11%) done
Shutting down, this might take some time.
Exiting because a job execution failed. Look above for error message
Complete log: .snakemake/log/2025-03-27T013004.550302.snakemake.log
