Building DAG of jobs...
Using shell: /usr/bin/bash
Provided cores: 3
Rules claiming more threads will be scaled down.
Job stats:
job                     count
--------------------  -------
align_reads                 1
all                         1
annotate_variants           1
build_snpEff_db             1
call_variants               1
create_dictionary           1
create_snpEff_config        1
download_genbank            1
download_reference          1
download_sra                1
extract_sequence            1
fastqc                      1
filter_variants             1
index_bam                   1
index_reference             1
mark_duplicates             1
sort_bam                    1
upload_s3                   1
total                      18

Select jobs to execute...

[Thu Mar 27 02:11:07 2025]
rule download_sra:
    input: results/snakemake/.dirs_created
    output: results/raw/SRR1972739/SRR1972739.sra
    jobid: 3
    reason: Missing output files: results/raw/SRR1972739/SRR1972739.sra
    resources: tmpdir=/tmp


[Thu Mar 27 02:11:07 2025]
rule download_reference:
    input: results/snakemake/.dirs_created
    output: results/raw/reference.fasta
    jobid: 2
    reason: Missing output files: results/raw/reference.fasta
    resources: tmpdir=/tmp


[Thu Mar 27 02:11:07 2025]
rule download_genbank:
    input: results/snakemake/.dirs_created
    output: results/snpEff/data/reference_db/genes.gbk
    jobid: 16
    reason: Missing output files: results/snpEff/data/reference_db/genes.gbk
    resources: tmpdir=/tmp

[Thu Mar 27 02:11:08 2025]
Finished job 16.
1 of 18 steps (6%) done
[Thu Mar 27 02:11:08 2025]
Finished job 2.
2 of 18 steps (11%) done
Select jobs to execute...

[Thu Mar 27 02:11:08 2025]
rule index_reference:
    input: results/raw/reference.fasta
    output: results/raw/reference.fasta.fai, results/raw/reference.fasta.amb, results/raw/reference.fasta.ann, results/raw/reference.fasta.bwt, results/raw/reference.fasta.pac, results/raw/reference.fasta.sa
    jobid: 6
    reason: Missing output files: results/raw/reference.fasta.sa, results/raw/reference.fasta.pac, results/raw/reference.fasta.fai, results/raw/reference.fasta.amb, results/raw/reference.fasta.bwt, results/raw/reference.fasta.ann; Input files updated by another job: results/raw/reference.fasta
    resources: tmpdir=/tmp


[Thu Mar 27 02:11:08 2025]
rule create_dictionary:
    input: results/raw/reference.fasta
    output: results/raw/reference.dict
    jobid: 7
    reason: Missing output files: results/raw/reference.dict; Input files updated by another job: results/raw/reference.fasta
    resources: tmpdir=/tmp

[Thu Mar 27 02:11:08 2025]
Finished job 6.
3 of 18 steps (17%) done
Select jobs to execute...

[Thu Mar 27 02:11:08 2025]
rule create_snpEff_config:
    input: results/snakemake/.dirs_created, results/raw/reference.fasta, results/snpEff/data/reference_db/genes.gbk
    output: results/snpEff/snpEff.config
    jobid: 15
    reason: Missing output files: results/snpEff/snpEff.config; Input files updated by another job: results/snpEff/data/reference_db/genes.gbk, results/raw/reference.fasta
    resources: tmpdir=/tmp

[Thu Mar 27 02:11:08 2025]
Finished job 15.
4 of 18 steps (22%) done
Select jobs to execute...

[Thu Mar 27 02:11:08 2025]
rule build_snpEff_db:
    input: results/raw/reference.fasta, results/snpEff/data/reference_db/genes.gbk, results/snpEff/snpEff.config
    output: results/snpEff/snpEff_reference_db.txt
    jobid: 17
    reason: Missing output files: results/snpEff/snpEff_reference_db.txt; Input files updated by another job: results/snpEff/data/reference_db/genes.gbk, results/raw/reference.fasta, results/snpEff/snpEff.config
    resources: tmpdir=/tmp

[Thu Mar 27 02:11:11 2025]
Finished job 3.
5 of 18 steps (28%) done
Select jobs to execute...

[Thu Mar 27 02:11:11 2025]
rule extract_sequence:
    input: results/snakemake/.dirs_created, results/raw/SRR1972739/SRR1972739.sra
    output: results/raw/SRR1972739.fastq
    jobid: 4
    reason: Missing output files: results/raw/SRR1972739.fastq; Input files updated by another job: results/raw/SRR1972739/SRR1972739.sra
    resources: tmpdir=/tmp

[Thu Mar 27 02:11:11 2025]
Finished job 17.
6 of 18 steps (33%) done
[Thu Mar 27 02:11:11 2025]
Finished job 4.
7 of 18 steps (39%) done
Select jobs to execute...

[Thu Mar 27 02:11:11 2025]
rule fastqc:
    input: results/snakemake/.dirs_created, results/raw/SRR1972739.fastq
    output: results/qc/SRR1972739_fastqc.html
    jobid: 5
    reason: Missing output files: results/qc/SRR1972739_fastqc.html; Input files updated by another job: results/raw/SRR1972739.fastq
    resources: tmpdir=/tmp


[Thu Mar 27 02:11:11 2025]
rule align_reads:
    input: results/snakemake/.dirs_created, results/raw/reference.fasta, results/raw/SRR1972739.fastq
    output: results/aligned/aligned.sam
    jobid: 10
    reason: Missing output files: results/aligned/aligned.sam; Input files updated by another job: results/raw/SRR1972739.fastq, results/raw/reference.fasta
    resources: tmpdir=/tmp

[Thu Mar 27 02:11:11 2025]
Error in rule align_reads:
    jobid: 10
    input: results/snakemake/.dirs_created, results/raw/reference.fasta, results/raw/SRR1972739.fastq
    output: results/aligned/aligned.sam
    shell:
        
        echo Aligning reads with read groups...
        bwa mem -R '@RG	ID:1	LB:lib1	PL:illumina	PU:unit1	SM:sample1' results/raw/reference.fasta results/raw/SRR1972739.fastq > results/aligned/aligned.sam
        echo Aligned reads!
        
        (one of the commands exited with non-zero exit code; note that snakemake uses bash strict mode!)

Removing output files of failed job align_reads since they might be corrupted:
results/aligned/aligned.sam
[Thu Mar 27 02:11:13 2025]
Finished job 7.
8 of 18 steps (44%) done
[Thu Mar 27 02:11:15 2025]
Finished job 5.
9 of 18 steps (50%) done
Shutting down, this might take some time.
Exiting because a job execution failed. Look above for error message
Complete log: .snakemake/log/2025-03-27T021107.412117.snakemake.log
