Building DAG of jobs...
Using shell: /usr/bin/bash
Provided cores: 2
Rules claiming more threads will be scaled down.
Job stats:
job                  count
-----------------  -------
align_reads              1
all                      1
annotate_variants        1
call_variants            1
extract_sequence         1
fastqc                   1
filter_variants          1
index_bam                1
index_reference          1
mark_duplicates          1
sort_bam                 1
upload_s3                1
total                   12

Select jobs to execute...

[Thu Mar 27 01:49:09 2025]
rule extract_sequence:
    input: results/snakemake/.dirs_created, results/raw/SRR1972739/SRR1972739.sra
    output: results/raw/SRR1972739.fastq
    jobid: 4
    reason: Missing output files: results/raw/SRR1972739.fastq
    resources: tmpdir=/tmp


[Thu Mar 27 01:49:09 2025]
rule index_reference:
    input: results/raw/reference.fasta
    output: results/raw/reference.fasta.fai, results/raw/reference.fasta.amb, results/raw/reference.fasta.ann, results/raw/reference.fasta.bwt, results/raw/reference.fasta.pac, results/raw/reference.fasta.sa
    jobid: 6
    reason: Missing output files: results/raw/reference.fasta.pac, results/raw/reference.fasta.amb, results/raw/reference.fasta.ann, results/raw/reference.fasta.sa, results/raw/reference.fasta.bwt, results/raw/reference.fasta.fai
    resources: tmpdir=/tmp

[Thu Mar 27 01:49:09 2025]
Error in rule index_reference:
    jobid: 6
    input: results/raw/reference.fasta
    output: results/raw/reference.fasta.fai, results/raw/reference.fasta.amb, results/raw/reference.fasta.ann, results/raw/reference.fasta.bwt, results/raw/reference.fasta.pac, results/raw/reference.fasta.sa
    shell:
        
        echo Indexing reference genome with samtools...
        samtools faidx results/raw/reference.fasta
        
        echo Building BWA index...
        bwa index results/raw/reference.fasta -p results/raw/bwa_index/reference.fasta
        echo Built BWA index!
        
        (one of the commands exited with non-zero exit code; note that snakemake uses bash strict mode!)

[Thu Mar 27 01:49:09 2025]
Error in rule extract_sequence:
    jobid: 4
    input: results/snakemake/.dirs_created, results/raw/SRR1972739/SRR1972739.sra
    output: results/raw/SRR1972739.fastq
    shell:
        
        echo Extracting sequencing data...
        fastq-dump -X 10000 results/raw/SRR1972739/SRR1972739.sra -O results/raw
        if [ ! -s $RAW_DIR/$SRR1972739.fastq ]; then
            echo Error: FASTQ file is missing or empty. >&2
            exit 1
        fi
        echo Extracted sequencing data!
        
        (one of the commands exited with non-zero exit code; note that snakemake uses bash strict mode!)

Removing output files of failed job extract_sequence since they might be corrupted:
results/raw/SRR1972739.fastq
Shutting down, this might take some time.
Exiting because a job execution failed. Look above for error message
Complete log: .snakemake/log/2025-03-27T014909.189377.snakemake.log
